  simulation.cpp
D:\Libs\Eigen_3_3_1\Eigen\src\Core\arch\CUDA\Half.h(1,1): warning C4819: 현재 코드 페이지(949)에서 표시할 수 없는 문자가 파일에 들어 있습니다. 데이터가 손실되지 않게 하려면 해당 파일을 유니코드 형식으로 저장하십시오.
C:\Users\mhkee\Desktop\workspace\Constrained-Projective-Dynamics\GenPD\GenPD\source\timer_wrapper.h(94,25): warning C4474: 'printf' : 서식 문자열에 전달된 인수가 너무 많습니다.
C:\Users\mhkee\Desktop\workspace\Constrained-Projective-Dynamics\GenPD\GenPD\source\timer_wrapper.h(94,25): message : 자리 표시자 및 해당 매개 변수에는 variadic 인수가 0개 필요하지만 1개가 제공되었습니다.
C:\Users\mhkee\Desktop\workspace\Constrained-Projective-Dynamics\GenPD\GenPD\source\simulation.cpp(237,20): warning C4018: '<': signed 또는 unsigned가 일치하지 않습니다.
C:\Users\mhkee\Desktop\workspace\Constrained-Projective-Dynamics\GenPD\GenPD\source\simulation.cpp(377,20): warning C4018: '<': signed 또는 unsigned가 일치하지 않습니다.
C:\Users\mhkee\Desktop\workspace\Constrained-Projective-Dynamics\GenPD\GenPD\source\simulation.cpp(411,13): warning C4101: 'lambda' :참조되지 않은 지역 변수입니다.
C:\Users\mhkee\Desktop\workspace\Constrained-Projective-Dynamics\GenPD\GenPD\source\simulation.cpp(412,13): warning C4101: 'c' :참조되지 않은 지역 변수입니다.
C:\Users\mhkee\Desktop\workspace\Constrained-Projective-Dynamics\GenPD\GenPD\source\simulation.cpp(571,22): warning C4018: '<': signed 또는 unsigned가 일치하지 않습니다.
C:\Users\mhkee\Desktop\workspace\Constrained-Projective-Dynamics\GenPD\GenPD\source\simulation.cpp(610,28): warning C4477: 'sprintf_s' : 서식 문자열 '%d'에 'int' 형식의 인수가 필요하지만 variadic 인수 2의 형식이 'unsigned __int64'입니다.
C:\Users\mhkee\Desktop\workspace\Constrained-Projective-Dynamics\GenPD\GenPD\source\simulation.cpp(610,28): message : 서식 문자열에서 '%zd'을(를) 사용하는 것이 좋습니다.
C:\Users\mhkee\Desktop\workspace\Constrained-Projective-Dynamics\GenPD\GenPD\source\simulation.cpp(614,28): warning C4477: 'sprintf_s' : 서식 문자열 '%d'에 'int' 형식의 인수가 필요하지만 variadic 인수 2의 형식이 'unsigned __int64'입니다.
C:\Users\mhkee\Desktop\workspace\Constrained-Projective-Dynamics\GenPD\GenPD\source\simulation.cpp(614,28): message : 서식 문자열에서 '%zd'을(를) 사용하는 것이 좋습니다.
C:\Users\mhkee\Desktop\workspace\Constrained-Projective-Dynamics\GenPD\GenPD\source\simulation.cpp(1579,7): warning C4101: 'ignore' :참조되지 않은 지역 변수입니다.
  코드를 생성하고 있습니다.
  0 of 24443 functions ( 0.0%) were compiled, the rest were copied from previous compilation.
    0 functions were new in current compilation
    0 functions had inline decision re-evaluated but remain unchanged
  코드를 생성했습니다.
  GenPD.vcxproj -> C:\Users\mhkee\Desktop\workspace\Constrained-Projective-Dynamics\GenPD\x64\Release\GenPD.exe
